讀取成功 2023-08-13 17:32:54 GET /page.html ::1
讀取成功 2023-08-13 17:32:54 GET /node_modules/bootstrap/dist/css/bootstrap.min.css ::1
讀取成功 2023-08-13 17:32:54 GET /image/25.png ::1
讀取成功 2023-08-13 17:32:54 GET /node_modules/bootstrap/dist/js/bootstrap.min.js ::1
讀取成功 2023-08-13 17:32:54 GET /node_modules/jquery/dist/jquery.min.js ::1
讀取成功 2023-08-13 17:32:54 GET /page.js ::1
讀取成功 2023-08-14 17:48:38 GET /page.html ::1
讀取成功 2023-08-14 17:48:38 GET /node_modules/bootstrap/dist/css/bootstrap.min.css ::1
讀取成功 2023-08-14 17:48:38 GET /image/25.png ::1
讀取成功 2023-08-14 17:48:38 GET /page.js ::1
讀取成功 2023-08-14 17:48:38 GET /node_modules/bootstrap/dist/js/bootstrap.min.js ::1
讀取成功 2023-08-14 17:48:38 GET /node_modules/jquery/dist/jquery.min.js ::1
讀取失敗 2023-08-14 17:48:38 GET /favicon.ico ::1
讀取成功 2023-08-14 17:48:45 GET /page.html ::1
讀取成功 2023-08-14 17:48:45 GET /image/25.png ::1
讀取成功 2023-08-14 17:48:45 GET /node_modules/bootstrap/dist/css/bootstrap.min.css ::1
讀取成功 2023-08-14 17:48:45 GET /node_modules/bootstrap/dist/js/bootstrap.min.js ::1
讀取成功 2023-08-14 17:48:45 GET /page.js ::1
讀取成功 2023-08-14 17:48:45 GET /node_modules/jquery/dist/jquery.min.js ::1
讀取成功 2023-08-14 17:48:47 GET /page.html ::1
讀取成功 2023-08-14 17:48:47 GET /node_modules/bootstrap/dist/css/bootstrap.min.css ::1
讀取成功 2023-08-14 17:48:47 GET /image/25.png ::1
讀取成功 2023-08-14 17:48:47 GET /node_modules/bootstrap/dist/js/bootstrap.min.js ::1
讀取成功 2023-08-14 17:48:47 GET /node_modules/jquery/dist/jquery.min.js ::1
讀取成功 2023-08-14 17:48:47 GET /page.js ::1
讀取成功 2023-08-14 17:48:49 GET /page.html ::1
讀取成功 2023-08-14 17:48:49 GET /node_modules/bootstrap/dist/css/bootstrap.min.css ::1
讀取成功 2023-08-14 17:48:49 GET /image/25.png ::1
讀取成功 2023-08-14 17:48:49 GET /node_modules/bootstrap/dist/js/bootstrap.min.js ::1
讀取成功 2023-08-14 17:48:49 GET /node_modules/jquery/dist/jquery.min.js ::1
讀取成功 2023-08-14 17:48:49 GET /page.js ::1
讀取成功 2023-08-14 20:55:55 GET /page.html ::1
讀取成功 2023-08-14 20:55:55 GET /node_modules/bootstrap/dist/css/bootstrap.min.css ::1
讀取成功 2023-08-14 20:55:55 GET /image/25.png ::1
讀取成功 2023-08-14 20:55:56 GET /page.js ::1
讀取成功 2023-08-14 20:55:56 GET /node_modules/bootstrap/dist/js/bootstrap.min.js ::1
讀取成功 2023-08-14 20:55:56 GET /node_modules/jquery/dist/jquery.min.js ::1